<?xml version="1.0" encoding="UTF-8"?>
<!-- Generated by org.testng.reporters.JUnitReportReporter -->
<testsuite hostname="EC2AMAZ-S11DBRH" failures="0" tests="2" name="runner.MyTestRunner" time="4.764" errors="0" timestamp="2024-05-08T07:37:36 GMT" skipped="0">
  <testcase classname="runner.MyTestRunner" name="runScenario" time="1.172"/>
  <system-out/>
  <testcase classname="runner.MyTestRunner" name="runScenario" time="3.592"/>
  <system-out/>
</testsuite> <!-- runner.MyTestRunner -->
